<?xml version="1.0" encoding="UTF-8"?>
<!-- Generated by org.testng.reporters.JUnitXMLReporter -->
<testsuite ignored="0" hostname="LAPTOP-RNF7R3U9" failures="1" tests="1" name="AndroidEmulator" time="81.648" errors="0" timestamp="2021-05-25T18:20:29 EDT">
  <testcase classname="com.qa.test.ProductTest" name="test1" time="12.751">
    <failure type="org.openqa.selenium.NoSuchElementException" message="An element could not be located on the page using the given search parameters.
For documentation on this error, please visit: https://www.seleniumhq.org/exceptions/no_such_element.html
Build info: version: &amp;apos;3.141.59&amp;apos;, revision: &amp;apos;e82be7d358&amp;apos;, time: &amp;apos;2018-11-14T08:17:03&amp;apos;
System info: host: &amp;apos;LAPTOP-RNF7R3U9&amp;apos;, ip: &amp;apos;192.168.2.15&amp;apos;, os.name: &amp;apos;Windows 10&amp;apos;, os.arch: &amp;apos;amd64&amp;apos;, os.version: &amp;apos;10.0&amp;apos;, java.version: &amp;apos;15.0.1&amp;apos;
Driver info: io.appium.java_client.android.AndroidDriver
Capabilities {app: C:\Users\Qadir\eclipse-work..., appActivity: com.swaglabsmobileapp.MainA..., appPackage: com.swaglabsmobileapp, autoAcceptAlerts: true, autoGrantPermissions: true, avd: Android_Pixel4, avdLaunchTimeout: 300000, chromeDriverPort: 110001, databaseEnabled: false, desired: {app: C:\Users\Qadir\eclipse-work..., appActivity: com.swaglabsmobileapp.MainA..., appPackage: com.swaglabsmobileapp, autoAcceptAlerts: true, autoGrantPermissions: true, avd: Android_Pixel4, avdLaunchTimeout: 300000, chromeDriverPort: 110001, deviceName: Android_Pixel4, platformName: android, systemPort: 10001, udid: emulator-5554, unlockKey: 74159, unlockType: pin}, deviceApiLevel: 28, deviceManufacturer: Google, deviceModel: AOSP on IA Emulator, deviceName: emulator-5554, deviceScreenDensity: 560, deviceScreenSize: 1440x3040, deviceUDID: emulator-5554, javascriptEnabled: true, locationContextEnabled: false, networkConnectionEnabled: true, pixelRatio: 3.5, platform: LINUX, platformName: Android, platformVersion: 9, statBarHeight: 172, systemPort: 10001, takesScreenshot: true, udid: emulator-5554, unlockKey: 74159, unlockType: pin, viewportRect: {height: 2529, left: 0, top: 172, width: 1440}, warnings: {}, webStorageEnabled: false}
Session ID: 31c2c718-ef60-44ca-8c77-3e2b81daed40
*** Element info: {Using=accessibility id, value=olp}">
      <![CDATA[org.openqa.selenium.NoSuchElementException: An element could not be located on the page using the given search parameters.
For documentation on this error, please visit: https://www.seleniumhq.org/exceptions/no_such_element.html
Build info: version: '3.141.59', revision: 'e82be7d358', time: '2018-11-14T08:17:03'
System info: host: 'LAPTOP-RNF7R3U9', ip: '192.168.2.15', os.name: 'Windows 10', os.arch: 'amd64', os.version: '10.0', java.version: '15.0.1'
Driver info: io.appium.java_client.android.AndroidDriver
Capabilities {app: C:\Users\Qadir\eclipse-work..., appActivity: com.swaglabsmobileapp.MainA..., appPackage: com.swaglabsmobileapp, autoAcceptAlerts: true, autoGrantPermissions: true, avd: Android_Pixel4, avdLaunchTimeout: 300000, chromeDriverPort: 110001, databaseEnabled: false, desired: {app: C:\Users\Qadir\eclipse-work..., appActivity: com.swaglabsmobileapp.MainA..., appPackage: com.swaglabsmobileapp, autoAcceptAlerts: true, autoGrantPermissions: true, avd: Android_Pixel4, avdLaunchTimeout: 300000, chromeDriverPort: 110001, deviceName: Android_Pixel4, platformName: android, systemPort: 10001, udid: emulator-5554, unlockKey: 74159, unlockType: pin}, deviceApiLevel: 28, deviceManufacturer: Google, deviceModel: AOSP on IA Emulator, deviceName: emulator-5554, deviceScreenDensity: 560, deviceScreenSize: 1440x3040, deviceUDID: emulator-5554, javascriptEnabled: true, locationContextEnabled: false, networkConnectionEnabled: true, pixelRatio: 3.5, platform: LINUX, platformName: Android, platformVersion: 9, statBarHeight: 172, systemPort: 10001, takesScreenshot: true, udid: emulator-5554, unlockKey: 74159, unlockType: pin, viewportRect: {height: 2529, left: 0, top: 172, width: 1440}, warnings: {}, webStorageEnabled: false}
Session ID: 31c2c718-ef60-44ca-8c77-3e2b81daed40
*** Element info: {Using=accessibility id, value=olp}
at org.openqa.selenium.remote.http.W3CHttpResponseCodec.createException(W3CHttpResponseCodec.java:187)
at org.openqa.selenium.remote.http.W3CHttpResponseCodec.decode(W3CHttpResponseCodec.java:122)
at org.openqa.selenium.remote.http.W3CHttpResponseCodec.decode(W3CHttpResponseCodec.java:49)
at org.openqa.selenium.remote.HttpCommandExecutor.execute(HttpCommandExecutor.java:158)
at io.appium.java_client.remote.AppiumCommandExecutor.execute(AppiumCommandExecutor.java:247)
at org.openqa.selenium.remote.RemoteWebDriver.execute(RemoteWebDriver.java:552)
at io.appium.java_client.DefaultGenericMobileDriver.execute(DefaultGenericMobileDriver.java:41)
at io.appium.java_client.AppiumDriver.execute(AppiumDriver.java:1)
at io.appium.java_client.android.AndroidDriver.execute(AndroidDriver.java:1)
at org.openqa.selenium.remote.RemoteWebDriver.findElement(RemoteWebDriver.java:323)
at io.appium.java_client.DefaultGenericMobileDriver.findElement(DefaultGenericMobileDriver.java:61)
at io.appium.java_client.AppiumDriver.findElement(AppiumDriver.java:1)
at io.appium.java_client.android.AndroidDriver.findElement(AndroidDriver.java:1)
at io.appium.java_client.FindsByAccessibilityId.findElementByAccessibilityId(FindsByAccessibilityId.java:37)
at com.qa.test.ProductTest.test1(ProductTest.java:168)
at java.base/java.util.ArrayList.forEach(ArrayList.java:1511)
at java.base/java.util.concurrent.FutureTask.run(FutureTask.java:264)
at java.base/java.util.concurrent.ThreadPoolExecutor.runWorker(ThreadPoolExecutor.java:1130)
at java.base/java.util.concurrent.ThreadPoolExecutor$Worker.run(ThreadPoolExecutor.java:630)
at java.base/java.lang.Thread.run(Thread.java:832)
... Removed 23 stack frames]]>
    </failure>
  </testcase> <!-- test1 -->
</testsuite> <!-- AndroidEmulator -->
