<?xml version="1.0" encoding="UTF-8"?>
<!-- Generated by org.testng.reporters.JUnitXMLReporter -->
<testsuite ignored="0" hostname="LAPTOP-RNF7R3U9" failures="0" tests="1" name="AndroidRealDevice" time="23.514" errors="0" timestamp="2021-05-25T08:31:06 EDT">
  <testcase classname="com.qa.test.ProductTest" name="@BeforeMethod beforeMethod" time="3.936">
    <failure type="java.lang.NullPointerException" message="Cannot invoke &amp;quot;com.aventstack.extentreports.ExtentTest.log(com.aventstack.extentreports.Status, String)&amp;quot; because the return value of &amp;quot;com.qa.reports.ExtentReport.getTest()&amp;quot; is null">
      <![CDATA[java.lang.NullPointerException: Cannot invoke "com.aventstack.extentreports.ExtentTest.log(com.aventstack.extentreports.Status, String)" because the return value of "com.qa.reports.ExtentReport.getTest()" is null
at com.qa.resources.BaseTest.click(BaseTest.java:379)
at com.qa.pages.LoginPage.clickLoginBtn(LoginPage.java:62)
at com.qa.pages.LoginPage.login(LoginPage.java:74)
at com.qa.test.ProductTest.beforeMethod(ProductTest.java:85)
at java.base/java.util.ArrayList.forEach(ArrayList.java:1511)
at java.base/java.util.concurrent.FutureTask.run(FutureTask.java:264)
at java.base/java.util.concurrent.ThreadPoolExecutor.runWorker(ThreadPoolExecutor.java:1130)
at java.base/java.util.concurrent.ThreadPoolExecutor$Worker.run(ThreadPoolExecutor.java:630)
at java.base/java.lang.Thread.run(Thread.java:832)
... Removed 22 stack frames]]>
    </failure>
  </testcase> <!-- @BeforeMethod beforeMethod -->
  <testcase classname="com.qa.test.ProductTest" name="@AfterMethod afterMethod" time="-1.621945866006E9">
    <skipped/>
  </testcase> <!-- @AfterMethod afterMethod -->
  <testcase classname="com.qa.resources.BaseTest" name="@AfterMethod afterMethod" time="-1.621945866008E9">
    <skipped/>
  </testcase> <!-- @AfterMethod afterMethod -->
  <testcase classname="com.qa.resources.BaseTest" name="@AfterTest afterTest" time="-1.621945866011E9">
    <skipped/>
  </testcase> <!-- @AfterTest afterTest -->
  <testcase classname="com.qa.test.ProductTest" name="test1" time="0.0">
    <skipped/>
  </testcase> <!-- test1 -->
</testsuite> <!-- AndroidRealDevice -->
