<?xml version="1.0" encoding="UTF-8"?>
<!-- Generated by org.testng.reporters.JUnitXMLReporter -->
<testsuite ignored="0" hostname="LAPTOP-RNF7R3U9" failures="1" tests="2" name="Test" time="67.977" errors="0" timestamp="2021-05-05T07:44:10 EDT">
  <testcase classname="com.qa.test.ProductTest" name="productDetailsTest" time="7.61">
    <failure type="java.lang.AssertionError" message="The following asserts failed:
	expected [carry.allTheThings() with the sleek, streamlined Sly Pack that melds uncompromising style with unequaled laptop and tablet protection.] but found [carry.allTheThings() with the sleek, streamlined Sly Pack that melds uncompromising style with unequaled laptop and tablet protection.asd]">
      <![CDATA[java.lang.AssertionError: The following asserts failed:
expected [carry.allTheThings() with the sleek, streamlined Sly Pack that melds uncompromising style with unequaled laptop and tablet protection.] but found [carry.allTheThings() with the sleek, streamlined Sly Pack that melds uncompromising style with unequaled laptop and tablet protection.asd]
at com.qa.test.ProductTest.productDetailsTest(ProductTest.java:159)
at java.base/java.util.ArrayList.forEach(ArrayList.java:1511)
... Removed 29 stack frames]]>
    </failure>
  </testcase> <!-- productDetailsTest -->
  <testcase classname="com.qa.test.ProductTest" name="productTest" time="1.416"/>
</testsuite> <!-- Test -->
