<?xml version="1.0" encoding="UTF-8"?>
<testng-results ignored="0" total="1" passed="1" failed="0" skipped="0">
  <reporter-output>
  </reporter-output>
  <suite started-at="2021-05-27T17:59:09 EDT" name="Suite" finished-at="2021-05-27T17:59:40 EDT" duration-ms="31585">
    <groups>
    </groups>
    <test started-at="2021-05-27T17:59:09 EDT" name="AndroidRealDevice" finished-at="2021-05-27T17:59:40 EDT" duration-ms="31585">
      <class name="com.qa.test.ProductTest">
        <test-method is-config="true" signature="beforeSuite()[pri:0, instance:com.qa.test.ProductTest@3a7442c7]" started-at="2021-05-27T17:59:07 EDT" name="beforeSuite" finished-at="2021-05-27T17:59:08 EDT" duration-ms="1765" status="PASS">
          <reporter-output>
          </reporter-output>
        </test-method> <!-- beforeSuite -->
        <test-method is-config="true" signature="beforeTest(java.lang.String,java.lang.String,java.lang.String,java.lang.String,java.lang.String,java.lang.String,java.lang.String)[pri:0, instance:com.qa.test.ProductTest@3a7442c7]" started-at="2021-05-27T17:59:09 EDT" name="beforeTest" finished-at="2021-05-27T17:59:20 EDT" duration-ms="11081" status="PASS">
          <params>
            <param index="0">
              <value>
                <![CDATA[50584a424e443498]]>
              </value>
            </param>
            <param index="1">
              <value>
                <![CDATA[]]>
              </value>
            </param>
            <param index="2">
              <value>
                <![CDATA[Android]]>
              </value>
            </param>
            <param index="3">
              <value>
                <![CDATA[10]]>
              </value>
            </param>
            <param index="4">
              <value>
                <![CDATA[Galaxy S9]]>
              </value>
            </param>
            <param index="5">
              <value>
                <![CDATA[10000]]>
              </value>
            </param>
            <param index="6">
              <value>
                <![CDATA[110000]]>
              </value>
            </param>
          </params>
          <reporter-output>
          </reporter-output>
        </test-method> <!-- beforeTest -->
        <test-method is-config="true" signature="beforeClass()[pri:0, instance:com.qa.test.ProductTest@3a7442c7]" started-at="2021-05-27T17:59:20 EDT" name="beforeClass" finished-at="2021-05-27T17:59:23 EDT" duration-ms="3889" status="PASS">
          <reporter-output>
          </reporter-output>
        </test-method> <!-- beforeClass -->
        <test-method is-config="true" signature="beforeMethod()[pri:0, instance:com.qa.test.ProductTest@3a7442c7]" started-at="2021-05-27T17:59:23 EDT" name="beforeMethod" finished-at="2021-05-27T17:59:34 EDT" duration-ms="10914" status="PASS">
          <reporter-output>
          </reporter-output>
        </test-method> <!-- beforeMethod -->
        <test-method is-config="true" signature="beforeMethod(java.lang.reflect.Method)[pri:0, instance:com.qa.test.ProductTest@3a7442c7]" started-at="2021-05-27T17:59:34 EDT" name="beforeMethod" finished-at="2021-05-27T17:59:35 EDT" duration-ms="149" status="PASS">
          <params>
            <param index="0">
              <value>
                <![CDATA[public void com.qa.test.ProductTest.test1() throws java.lang.InterruptedException]]>
              </value>
            </param>
          </params>
          <reporter-output>
          </reporter-output>
        </test-method> <!-- beforeMethod -->
        <test-method signature="test1()[pri:0, instance:com.qa.test.ProductTest@3a7442c7]" started-at="2021-05-27T17:59:35 EDT" name="test1" finished-at="2021-05-27T17:59:35 EDT" duration-ms="334" status="PASS">
          <reporter-output>
          </reporter-output>
        </test-method> <!-- test1 -->
        <test-method is-config="true" signature="afterMethod()[pri:0, instance:com.qa.test.ProductTest@3a7442c7]" started-at="2021-05-27T17:59:35 EDT" name="afterMethod" finished-at="2021-05-27T17:59:38 EDT" duration-ms="2997" status="PASS">
          <reporter-output>
          </reporter-output>
        </test-method> <!-- afterMethod -->
        <test-method is-config="true" signature="afterMethod(org.testng.ITestResult)[pri:0, instance:com.qa.test.ProductTest@3a7442c7]" started-at="2021-05-27T17:59:38 EDT" name="afterMethod" finished-at="2021-05-27T17:59:40 EDT" duration-ms="1756" status="PASS">
          <params>
            <param index="0">
              <value>
                <![CDATA[[TestResult name=test1 status=SUCCESS method=ProductTest.test1()[pri:0, instance:com.qa.test.ProductTest@3a7442c7] output={null}]]]>
              </value>
            </param>
          </params>
          <reporter-output>
          </reporter-output>
        </test-method> <!-- afterMethod -->
        <test-method is-config="true" signature="afterTest()[pri:0, instance:com.qa.test.ProductTest@3a7442c7]" started-at="2021-05-27T17:59:40 EDT" name="afterTest" finished-at="2021-05-27T17:59:40 EDT" duration-ms="428" status="PASS">
          <reporter-output>
          </reporter-output>
        </test-method> <!-- afterTest -->
        <test-method is-config="true" signature="afterSuite()[pri:0, instance:com.qa.test.ProductTest@3a7442c7]" started-at="2021-05-27T17:59:40 EDT" name="afterSuite" finished-at="2021-05-27T17:59:40 EDT" duration-ms="2" status="PASS">
          <reporter-output>
          </reporter-output>
        </test-method> <!-- afterSuite -->
      </class> <!-- com.qa.test.ProductTest -->
    </test> <!-- AndroidRealDevice -->
  </suite> <!-- Suite -->
</testng-results>
